<?xml version="1.0" encoding="UTF-8"?>
<!-- Generated by org.testng.reporters.JUnitReportReporter -->
<testsuite hostname="Gagan" failures="0" tests="1" name="com.flexngate.erp.createthirdpartytest.CreateThirdParty_CustomerTest" time="28.604" errors="0" timestamp="31 May 2024 12:06:13 GMT" skipped="0">
  <testcase classname="com.flexngate.erp.createthirdpartytest.CreateThirdParty_CustomerTest" name="CreateNewThirdPartyAsCustomerTest" time="28.604"/>
</testsuite> <!-- com.flexngate.erp.createthirdpartytest.CreateThirdParty_CustomerTest -->
